[debug] [2019-01-13T00:28:30.336Z] ----------------------------------------------------------------------
[debug] [2019-01-13T00:28:30.338Z] Command:       /usr/local/bin/node /usr/local/bin/firebase init
[debug] [2019-01-13T00:28:30.338Z] CLI Version:   6.1.2
[debug] [2019-01-13T00:28:30.338Z] Platform:      darwin
[debug] [2019-01-13T00:28:30.338Z] Node Version:  v8.12.0
[debug] [2019-01-13T00:28:30.339Z] Time:          Sat Jan 12 2019 16:28:30 GMT-0800 (PST)
[debug] [2019-01-13T00:28:30.339Z] ----------------------------------------------------------------------
[debug] 
[debug] [2019-01-13T00:28:30.344Z] > command requires scopes: ["email","openid","https://www.googleapis.com/auth/cloudplatformprojects.readonly","https://www.googleapis.com/auth/firebase","https://www.googleapis.com/auth/cloud-platform"]
[debug] [2019-01-13T00:28:30.345Z] > authorizing via signed-in user
[info] 
     ######## #### ########  ######## ########     ###     ######  ########
     ##        ##  ##     ## ##       ##     ##  ##   ##  ##       ##
     ######    ##  ########  ######   ########  #########  ######  ######
     ##        ##  ##    ##  ##       ##     ## ##     ##       ## ##
     ##       #### ##     ## ######## ########  ##     ##  ######  ########

You're about to initialize a Firebase project in this directory:

  /Users/eduardolanda/Desktop/Project2Vue/langara-chat

[info] 
=== Project Setup
[info] 
[info] First, let's associate this project directory with a Firebase project.
[info] You can create multiple project aliases by running firebase use --add, 
[info] but for now we'll just set up a default project.
[info] 
[debug] [2019-01-13T00:28:33.814Z] >>> HTTP REQUEST GET https://firebase.googleapis.com/v1beta1/projects?page_size=100  
 
[debug] [2019-01-13T00:28:35.976Z] <<< HTTP RESPONSE 200
[info] i  Using project testingapp-48221 (testingApp)
[info] 
=== Database Setup
[info] 
[info] Firebase Realtime Database Rules allow you to define how your data should be
[info] structured and when your data can be read from and written to.
[info] 
[debug] [2019-01-13T00:28:55.724Z] >>> HTTP REQUEST GET https://testingapp-48221.firebaseio.com/.settings/rules.json  
 
[debug] [2019-01-13T00:28:56.246Z] <<< HTTP RESPONSE 200
[info] ✔  Database Rules for testingapp-48221 have been downloaded to dist.
[info] Future modifications to dist will update Database Rules when you run
[info] firebase deploy.
[info] 
=== Hosting Setup
[info] 
[info] Your public directory is the folder (relative to your project directory) that
[info] will contain Hosting assets to be uploaded with firebase deploy. If you
[info] have a build process for your assets, use your build's output directory.
[info] 
[debug] [2019-01-13T00:29:08.333Z] >>> HTTP REQUEST GET https://www.gstatic.com/firebasejs/releases.json  
 
[debug] [2019-01-13T00:29:08.451Z] <<< HTTP RESPONSE 200
[debug] [2019-01-13T00:29:08.584Z] Error: ENOTDIR: not a directory, open '/Users/eduardolanda/Desktop/Project2Vue/langara-chat/dist/index.html'
    at Object.fs.openSync (fs.js:646:18)
    at Object.fs.writeFileSync (fs.js:1299:33)
    at Object.createFileSync (/usr/local/lib/node_modules/firebase-tools/node_modules/fs-extra/lib/ensure/file.js:34:6)
    at Config.writeProjectFile (/usr/local/lib/node_modules/firebase-tools/lib/config.js:160:8)
    at /usr/local/lib/node_modules/firebase-tools/lib/config.js:179:18
    at <anonymous>
    at process._tickDomainCallback (internal/process/next_tick.js:229:7)
[error] 
[error] Error: An unexpected error has occurred.
